[0.010s] Invoking command in '/home/xiaofang/ROS2_WS/serial_driver/build/cpp01_serial': CMAKE_PREFIX_PATH=${CMAKE_PREFIX_PATH}:/opt/cv_bridge_fix_link-humble/install/opencv_tests:/opt/ros/humble /usr/bin/cmake --build /home/xiaofang/ROS2_WS/serial_driver/build/cpp01_serial -- -j20 -l20
[0.063s] -- Found ament_cmake: 1.3.11 (/opt/ros/humble/share/ament_cmake/cmake)
[0.176s] -- Found rclcpp: 16.0.12 (/opt/ros/humble/share/rclcpp/cmake)
[0.205s] -- Found rosidl_generator_c: 3.1.6 (/opt/ros/humble/share/rosidl_generator_c/cmake)
[0.207s] -- Found rosidl_adapter: 3.1.6 (/opt/ros/humble/share/rosidl_adapter/cmake)
[0.213s] -- Found rosidl_generator_cpp: 3.1.6 (/opt/ros/humble/share/rosidl_generator_cpp/cmake)
[0.222s] -- Using all available rosidl_typesupport_c: rosidl_typesupport_fastrtps_c;rosidl_typesupport_introspection_c
[0.233s] -- Using all available rosidl_typesupport_cpp: rosidl_typesupport_fastrtps_cpp;rosidl_typesupport_introspection_cpp
[0.262s] -- Found rmw_implementation_cmake: 6.1.2 (/opt/ros/humble/share/rmw_implementation_cmake/cmake)
[0.263s] -- Found rmw_fastrtps_cpp: 6.2.7 (/opt/ros/humble/share/rmw_fastrtps_cpp/cmake)
[0.377s] -- Using RMW implementation 'rmw_fastrtps_cpp' as default
[0.419s] -- Found serial_driver: 1.2.0 (/opt/ros/humble/share/serial_driver/cmake)
[0.433s] -- Found asio_cmake_module: 1.2.0 (/opt/ros/humble/share/asio_cmake_module/cmake)
[0.482s] -- Found ament_lint_auto: 0.12.12 (/opt/ros/humble/share/ament_lint_auto/cmake)
[0.539s] -- Added test 'cppcheck' to perform static code analysis on C / C++ code
[0.540s] -- Configured cppcheck include dirs: $<BUILD_INTERFACE:/home/xiaofang/ROS2_WS/serial_driver/src/cpp01_serial/include>
[0.540s] -- Configured cppcheck exclude dirs and/or files: 
[0.540s] -- Added test 'lint_cmake' to check CMake code style
[0.541s] -- Added test 'uncrustify' to check C / C++ code style
[0.541s] -- Configured uncrustify additional arguments: 
[0.541s] -- Added test 'xmllint' to check XML markup files
[0.542s] -- Configuring done
[0.573s] -- Generating done
[0.576s] -- Build files have been written to: /home/xiaofang/ROS2_WS/serial_driver/build/cpp01_serial
[0.620s] [ 25%] [32mBuilding CXX object CMakeFiles/my_serial_lib.dir/src/crc16.cpp.o[0m
[0.696s] [ 50%] [32m[1mLinking CXX static library libmy_serial_lib.a[0m
[0.724s] [ 50%] Built target my_serial_lib
[0.738s] [35m[1mConsolidate compiler generated dependencies of target demo01_uart_send[0m
[0.755s] [ 75%] [32mBuilding CXX object CMakeFiles/demo01_uart_send.dir/src/demo01_uart_send.cpp.o[0m
[3.151s] [100%] [32m[1mLinking CXX executable demo01_uart_send[0m
[3.282s] /usr/bin/ld: CMakeFiles/demo01_uart_send.dir/src/demo01_uart_send.cpp.o: in function `parse_data(unsigned char const*, unsigned long)':
[3.282s] demo01_uart_send.cpp:(.text+0x2e8): undefined reference to `Get_CRC16(unsigned char const*, unsigned short)'
[3.283s] /usr/bin/ld: demo01_uart_send.cpp:(.text+0x335): undefined reference to `combine_bytes(unsigned char const*)'
[3.283s] /usr/bin/ld: demo01_uart_send.cpp:(.text+0x352): undefined reference to `combine_bytes(unsigned char const*)'
[3.283s] /usr/bin/ld: demo01_uart_send.cpp:(.text+0x36f): undefined reference to `combine_bytes(unsigned char const*)'
[3.291s] collect2: error: ld returned 1 exit status
[3.292s] gmake[2]: *** [CMakeFiles/demo01_uart_send.dir/build.make:241: demo01_uart_send] Error 1
[3.292s] gmake[1]: *** [CMakeFiles/Makefile2:165: CMakeFiles/demo01_uart_send.dir/all] Error 2
[3.293s] gmake: *** [Makefile:146: all] Error 2
[3.295s] Invoked command in '/home/xiaofang/ROS2_WS/serial_driver/build/cpp01_serial' returned '2': CMAKE_PREFIX_PATH=${CMAKE_PREFIX_PATH}:/opt/cv_bridge_fix_link-humble/install/opencv_tests:/opt/ros/humble /usr/bin/cmake --build /home/xiaofang/ROS2_WS/serial_driver/build/cpp01_serial -- -j20 -l20
