[01m[K/home/xiaofang/ROS2_WS/ws02_tool/src/cpp05_exercise/src/exer01_spawn.cpp:[m[K In function â€˜[01m[Kint main(int, char**)[m[Kâ€™:
[01m[K/home/xiaofang/ROS2_WS/ws02_tool/src/cpp05_exercise/src/exer01_spawn.cpp:51:3:[m[K [01;31m[Kerror: [m[Kexpected â€˜[01m[K;[m[Kâ€™ before â€˜[01m[K}[m[Kâ€™ token
   51 |   [01;31m[K}[m[K
      |   [01;31m[K^[m[K
gmake[2]: *** [CMakeFiles/exer01_spawn.dir/build.make:76: CMakeFiles/exer01_spawn.dir/src/exer01_spawn.cpp.o] Error 1
gmake[1]: *** [CMakeFiles/Makefile2:141: CMakeFiles/exer01_spawn.dir/all] Error 2
gmake: *** [Makefile:146: all] Error 2
